Using pre-set license
Built from '2020.3/staging' branch; Version is '2020.3.26f1 (7298b473bc1a) revision 7510196'; Using compiler version '192528614'; Build Type 'Release'
OS: 'Windows 10  (10.0.19042) 64bit Core' Language: 'en' Physical Memory: 32620 MB
BatchMode: 1, IsHumanControllingUs: 0, StartBugReporterOnCrash: 0, Is64bit: 1, IsPro: 0

COMMAND LINE ARGUMENTS:
C:\Program Files\Unity\Hub\Editor\2020.3.26f1\Editor\Unity.exe
-adb2
-batchMode
-noUpm
-name
AssetImportWorker0
-projectPath
C:/Users/timod/Desktop/school files/hku_1st year/blok 3/bpw 2/fuckyng this one/bpw-2-for-real-this-time/BPW 2 Timo Kolk
-logFile
Logs/AssetImportWorker0.log
-srvPort
53275
Successfully changed project path to: C:/Users/timod/Desktop/school files/hku_1st year/blok 3/bpw 2/fuckyng this one/bpw-2-for-real-this-time/BPW 2 Timo Kolk
C:/Users/timod/Desktop/school files/hku_1st year/blok 3/bpw 2/fuckyng this one/bpw-2-for-real-this-time/BPW 2 Timo Kolk
Using Asset Import Pipeline V2.
Refreshing native plugins compatible for Editor in 77.18 ms, found 6 plugins.
Preloading 0 native plugins for Editor in 0.00 ms.
Initialize engine version: 2020.3.26f1 (7298b473bc1a)
[Subsystems] Discovering subsystems at path C:/Program Files/Unity/Hub/Editor/2020.3.26f1/Editor/Data/Resources/UnitySubsystems
[Subsystems] Discovering subsystems at path C:/Users/timod/Desktop/school files/hku_1st year/blok 3/bpw 2/fuckyng this one/bpw-2-for-real-this-time/BPW 2 Timo Kolk/Assets
GfxDevice: creating device client; threaded=0
Direct3D:
    Version:  Direct3D 11.0 [level 11.1]
    Renderer: NVIDIA GeForce RTX 3060 Laptop GPU (ID=0x2560)
    Vendor:   
    VRAM:     6023 MB
    Driver:   30.0.14.7256
Initialize mono
Mono path[0] = 'C:/Program Files/Unity/Hub/Editor/2020.3.26f1/Editor/Data/Managed'
Mono path[1] = 'C:/Program Files/Unity/Hub/Editor/2020.3.26f1/Editor/Data/MonoBleedingEdge/lib/mono/unityjit'
Mono config path = 'C:/Program Files/Unity/Hub/Editor/2020.3.26f1/Editor/Data/MonoBleedingEdge/etc'
Using monoOptions --debugger-agent=transport=dt_socket,embedding=1,server=y,suspend=n,address=127.0.0.1:56840
Begin MonoManager ReloadAssembly
Registering precompiled unity dll's ...
Register platform support module: C:/Program Files/Unity/Hub/Editor/2020.3.26f1/Editor/Data/PlaybackEngines/WindowsStandaloneSupport/UnityEditor.WindowsStandalone.Extensions.dll
Registered in 0.002001 seconds.
Native extension for WindowsStandalone target not found
Refreshing native plugins compatible for Editor in 61.75 ms, found 6 plugins.
Preloading 0 native plugins for Editor in 0.00 ms.
Mono: successfully reloaded assembly
- Completed reload, in  0.610 seconds
Domain Reload Profiling:
	ReloadAssembly (611ms)
		BeginReloadAssembly (53ms)
			ExecutionOrderSort (0ms)
			DisableScriptedObjects (0ms)
			BackupInstance (0ms)
			ReleaseScriptingObjects (0ms)
			CreateAndSetChildDomain (1ms)
		EndReloadAssembly (482ms)
			LoadAssemblies (51ms)
			RebuildTransferFunctionScriptingTraits (0ms)
			SetupTypeCache (145ms)
			ReleaseScriptCaches (0ms)
			RebuildScriptCaches (28ms)
			SetupLoadedEditorAssemblies (204ms)
				LogAssemblyErrors (0ms)
				InitializePlatformSupportModulesInManaged (5ms)
				SetLoadedEditorAssemblies (0ms)
				RefreshPlugins (62ms)
				BeforeProcessingInitializeOnLoad (18ms)
				ProcessInitializeOnLoadAttributes (88ms)
				ProcessInitializeOnLoadMethodAttributes (31ms)
				AfterProcessingInitializeOnLoad (0ms)
				EditorAssembliesLoaded (0ms)
			ExecutionOrderSort2 (0ms)
			AwakeInstancesAfterBackupRestoration (0ms)
Platform modules already initialized, skipping
Registering precompiled user dll's ...
Registered in 0.007907 seconds.
Begin MonoManager ReloadAssembly
Native extension for WindowsStandalone target not found
Refreshing native plugins compatible for Editor in 58.66 ms, found 6 plugins.
Preloading 0 native plugins for Editor in 0.00 ms.
Mono: successfully reloaded assembly
Fallback handler could not load library C:/Program Files/Unity/Hub/Editor/2020.3.26f1/Editor/Data/Mono/lib/libdl
Fallback handler could not load library C:/Program Files/Unity/Hub/Editor/2020.3.26f1/Editor/Data/Mono/lib/libdl.dll
Fallback handler could not load library C:/Program Files/Unity/Hub/Editor/2020.3.26f1/Editor/Data/Mono/lib/libdl
Fallback handler could not load library C:/Program Files/Unity/Hub/Editor/2020.3.26f1/Editor/Data/Mono/lib/libdl
Fallback handler could not load library C:/Program Files/Unity/Hub/Editor/2020.3.26f1/Editor/Data/Mono/lib/libdl.dll
Fallback handler could not load library C:/Program Files/Unity/Hub/Editor/2020.3.26f1/Editor/Data/Mono/lib/libdl
- Completed reload, in  1.260 seconds
Domain Reload Profiling:
	ReloadAssembly (1261ms)
		BeginReloadAssembly (138ms)
			ExecutionOrderSort (0ms)
			DisableScriptedObjects (5ms)
			BackupInstance (0ms)
			ReleaseScriptingObjects (0ms)
			CreateAndSetChildDomain (21ms)
		EndReloadAssembly (1058ms)
			LoadAssemblies (99ms)
			RebuildTransferFunctionScriptingTraits (0ms)
			SetupTypeCache (300ms)
			ReleaseScriptCaches (1ms)
			RebuildScriptCaches (44ms)
			SetupLoadedEditorAssemblies (396ms)
				LogAssemblyErrors (0ms)
				InitializePlatformSupportModulesInManaged (4ms)
				SetLoadedEditorAssemblies (0ms)
				RefreshPlugins (59ms)
				BeforeProcessingInitializeOnLoad (101ms)
				ProcessInitializeOnLoadAttributes (217ms)
				ProcessInitializeOnLoadMethodAttributes (9ms)
				AfterProcessingInitializeOnLoad (7ms)
				EditorAssembliesLoaded (0ms)
			ExecutionOrderSort2 (0ms)
			AwakeInstancesAfterBackupRestoration (7ms)
Platform modules already initialized, skipping
========================================================================
Worker process is ready to serve import requests
Launched and connected shader compiler UnityShaderCompiler.exe after 0.06 seconds
Refreshing native plugins compatible for Editor in 0.97 ms, found 6 plugins.
Preloading 0 native plugins for Editor in 0.00 ms.
Unloading 2847 Unused Serialized files (Serialized files now loaded: 0)
System memory in use before: 214.8 MB.
System memory in use after: 215.0 MB.

Unloading 56 unused Assets to reduce memory usage. Loaded Objects now: 3277.
Total: 3.820800 ms (FindLiveObjects: 0.268300 ms CreateObjectMapping: 0.101400 ms MarkObjects: 3.329200 ms  DeleteObjects: 0.121100 ms)

AssetImportParameters requested are different than current active one (requested -> active):
  custom:framework-win-MediaFoundation: 216162199b28c13a410421893ffa2e32 -> 
  custom:video-decoder-ogg-theora: a1e56fd34408186e4bbccfd4996cb3dc -> 
  custom:container-muxer-webm: aa71ff27fc2769a1b78a27578f13a17b -> 
  custom:container-demuxer-webm: 4f35f7cbe854078d1ac9338744f61a02 -> 
  custom:container-demuxer-ogg: 62fdf1f143b41e24485cea50d1cbac27 -> 
  custom:video-encoder-webm-vp8: eb34c28f22e8b96e1ab97ce403110664 -> 
  custom:video-codec-MediaFoundation-h265: 746d11721c4dcdbdad8f713fa42b33f4 -> 
  custom:video-decoder-webm-vp8: 9c59270c3fd7afecdb556c50c9e8de78 -> 
  custom:audio-decoder-ogg-vorbis: bf7c407c2cedff20999df2af8eb42d56 -> 
  custom:audio-encoder-webm-vorbis: bf7c407c2cedff20999df2af8eb42d56 -> 
========================================================================
Received Import Request.
  path: Assets/project/assets/materials/New Material 4.mat
  artifactKey: Guid(b11084a36e1c01a4891dffaafb981495) Importer(815301076,1909f56bfc062723c751e8b465ee728b)
Start importing Assets/project/assets/materials/New Material 4.mat using Guid(b11084a36e1c01a4891dffaafb981495) Importer(815301076,1909f56bfc062723c751e8b465ee728b)  -> (artifact id: '2342c52a8a767e424922cca7502fda9c') in 0.243171 seconds 
  Import took 0.248253 seconds .

========================================================================
Received Import Request.
  Time since last request: 0.000265 seconds.
  path: Assets/project/assets/materials/urn.mat
  artifactKey: Guid(7cd859a7e893daf469c93e3d30883191) Importer(815301076,1909f56bfc062723c751e8b465ee728b)
Start importing Assets/project/assets/materials/urn.mat using Guid(7cd859a7e893daf469c93e3d30883191) Importer(815301076,1909f56bfc062723c751e8b465ee728b)  -> (artifact id: 'a436a114c4d938852bd1cc3d162ffe30') in 0.024571 seconds 
  Import took 0.029637 seconds .

========================================================================
Received Import Request.
  Time since last request: 0.000223 seconds.
  path: Assets/project/assets/models/hissies.fbx
  artifactKey: Guid(4a9ce3a6d7a919c43b0cc28d282a5cc4) Importer(815301076,1909f56bfc062723c751e8b465ee728b)
Start importing Assets/project/assets/models/hissies.fbx using Guid(4a9ce3a6d7a919c43b0cc28d282a5cc4) Importer(815301076,1909f56bfc062723c751e8b465ee728b)  -> (artifact id: 'db03a2009830be231c72f324c3c7b885') in 0.109623 seconds 
  Import took 0.114554 seconds .

========================================================================
Received Import Request.
  Time since last request: 0.000234 seconds.
  path: Assets/project/assets/textures/20211226_153140_001.jpg
  artifactKey: Guid(4a5ef83534aa4864db4255e987102125) Importer(815301076,1909f56bfc062723c751e8b465ee728b)
Start importing Assets/project/assets/textures/20211226_153140_001.jpg using Guid(4a5ef83534aa4864db4255e987102125) Importer(815301076,1909f56bfc062723c751e8b465ee728b)  -> (artifact id: '06c1393d191b4c8f200da1f1d8431660') in 0.033415 seconds 
  Import took 0.037825 seconds .

========================================================================
Received Import Request.
  Time since last request: 0.000231 seconds.
  path: Assets/project/assets/prefabs/barrel.prefab
  artifactKey: Guid(16cfc4d04c4dc8a49b3d27523f61cabf) Importer(815301076,1909f56bfc062723c751e8b465ee728b)
Start importing Assets/project/assets/prefabs/barrel.prefab using Guid(16cfc4d04c4dc8a49b3d27523f61cabf) Importer(815301076,1909f56bfc062723c751e8b465ee728b)  -> (artifact id: 'fe1c96eb330896a27ea8ad00c8fe989c') in 0.034743 seconds 
  Import took 0.039449 seconds .

========================================================================
Received Import Request.
  Time since last request: 0.000235 seconds.
  path: Assets/project/assets/textures/jar or sum.png
  artifactKey: Guid(89b5289ca675feb49876db59d71e8214) Importer(815301076,1909f56bfc062723c751e8b465ee728b)
Start importing Assets/project/assets/textures/jar or sum.png using Guid(89b5289ca675feb49876db59d71e8214) Importer(815301076,1909f56bfc062723c751e8b465ee728b)  -> (artifact id: '2cbf3c573e91ee66210ef9c78d61e9d7') in 0.016842 seconds 
  Import took 0.021184 seconds .

========================================================================
Received Import Request.
  Time since last request: 0.000217 seconds.
  path: Assets/project/assets/textures/leaf (1).png
  artifactKey: Guid(9a93edb1c4370254aa6b9a76cddeef65) Importer(815301076,1909f56bfc062723c751e8b465ee728b)
Start importing Assets/project/assets/textures/leaf (1).png using Guid(9a93edb1c4370254aa6b9a76cddeef65) Importer(815301076,1909f56bfc062723c751e8b465ee728b)  -> (artifact id: 'd7cd38cecbd7c02d45dec3c6c9010208') in 0.023899 seconds 
  Import took 0.028542 seconds .

========================================================================
Received Import Request.
  Time since last request: 0.000231 seconds.
  path: Assets/project/assets/textures/cracked earth.png
  artifactKey: Guid(18512a6f5f3eb374ca09ff79dbacf119) Importer(815301076,1909f56bfc062723c751e8b465ee728b)
Start importing Assets/project/assets/textures/cracked earth.png using Guid(18512a6f5f3eb374ca09ff79dbacf119) Importer(815301076,1909f56bfc062723c751e8b465ee728b)  -> (artifact id: '301aa332ff03fdfd03a742dd284a4013') in 0.015532 seconds 
  Import took 0.020043 seconds .

========================================================================
Received Import Request.
  Time since last request: 0.000234 seconds.
  path: Assets/project/assets/textures/mushroom 2 seamless.png
  artifactKey: Guid(38e81014165e5df4282c854a4443c465) Importer(815301076,1909f56bfc062723c751e8b465ee728b)
Start importing Assets/project/assets/textures/mushroom 2 seamless.png using Guid(38e81014165e5df4282c854a4443c465) Importer(815301076,1909f56bfc062723c751e8b465ee728b)  -> (artifact id: 'c36d42bae41c7b989df62194d9a64dc5') in 0.018762 seconds 
  Import took 0.024483 seconds .

========================================================================
Received Import Request.
  Time since last request: 0.000185 seconds.
  path: Assets/project/assets/textures/rug.png
  artifactKey: Guid(a226111d82e54e948b953a14d437e1d0) Importer(815301076,1909f56bfc062723c751e8b465ee728b)
Start importing Assets/project/assets/textures/rug.png using Guid(a226111d82e54e948b953a14d437e1d0) Importer(815301076,1909f56bfc062723c751e8b465ee728b)  -> (artifact id: '87739bccd51667a9e66b49c7abbc6f1d') in 0.023668 seconds 
  Import took 0.028569 seconds .

========================================================================
Received Import Request.
  Time since last request: 0.000206 seconds.
  path: Assets/project/assets/textures/rock seamless.png
  artifactKey: Guid(24532085168cc014283f10c61ce979ae) Importer(815301076,1909f56bfc062723c751e8b465ee728b)
Start importing Assets/project/assets/textures/rock seamless.png using Guid(24532085168cc014283f10c61ce979ae) Importer(815301076,1909f56bfc062723c751e8b465ee728b)  -> (artifact id: 'd4a30d67bed9eb7dd38e545539039f65') in 0.014701 seconds 
  Import took 0.019263 seconds .

========================================================================
Received Import Request.
  Time since last request: 0.000196 seconds.
  path: Assets/project/assets/materials/particles.mat
  artifactKey: Guid(2b0f597725929c640817f6e1597f2c07) Importer(815301076,1909f56bfc062723c751e8b465ee728b)
Start importing Assets/project/assets/materials/particles.mat using Guid(2b0f597725929c640817f6e1597f2c07) Importer(815301076,1909f56bfc062723c751e8b465ee728b)  -> (artifact id: '9d4c637dd23e9553d3fadfd94d926bf5') in 0.023033 seconds 
  Import took 0.027617 seconds .

========================================================================
Received Import Request.
  Time since last request: 0.000254 seconds.
  path: Assets/project/assets/textures/fabric.png
  artifactKey: Guid(2757706583c3b64438f4eff9e4409521) Importer(815301076,1909f56bfc062723c751e8b465ee728b)
Start importing Assets/project/assets/textures/fabric.png using Guid(2757706583c3b64438f4eff9e4409521) Importer(815301076,1909f56bfc062723c751e8b465ee728b)  -> (artifact id: '528b9dc23d92a8455b7fdcef5fac0b40') in 0.020016 seconds 
  Import took 0.024551 seconds .

========================================================================
Received Import Request.
  Time since last request: 0.000269 seconds.
  path: Assets/project/assets/textures/moss 2 normal.tif
  artifactKey: Guid(dce885395ea59574f8c06f0c8ff0f3c6) Importer(815301076,1909f56bfc062723c751e8b465ee728b)
Start importing Assets/project/assets/textures/moss 2 normal.tif using Guid(dce885395ea59574f8c06f0c8ff0f3c6) Importer(815301076,1909f56bfc062723c751e8b465ee728b)  -> (artifact id: 'f969dbeaa9c01835c2b42fc645ff5718') in 0.028686 seconds 
  Import took 0.033445 seconds .

========================================================================
Received Import Request.
  Time since last request: 0.000274 seconds.
  path: Assets/project/assets/textures/fabric normal.png
  artifactKey: Guid(794da38b273de0f4aa852c8e6017c699) Importer(815301076,1909f56bfc062723c751e8b465ee728b)
Start importing Assets/project/assets/textures/fabric normal.png using Guid(794da38b273de0f4aa852c8e6017c699) Importer(815301076,1909f56bfc062723c751e8b465ee728b)  -> (artifact id: 'f956dd9fd60a4a83620401e2b12cd969') in 0.021521 seconds 
  Import took 0.026059 seconds .

========================================================================
Received Import Request.
  Time since last request: 0.000234 seconds.
  path: Assets/project/assets/textures/moss seamless.png
  artifactKey: Guid(3168d71114b9aa147a9bc13d94235f02) Importer(815301076,1909f56bfc062723c751e8b465ee728b)
Start importing Assets/project/assets/textures/moss seamless.png using Guid(3168d71114b9aa147a9bc13d94235f02) Importer(815301076,1909f56bfc062723c751e8b465ee728b)  -> (artifact id: '764321544f6bec547eab23682e6376e5') in 0.021849 seconds 
  Import took 0.026478 seconds .

========================================================================
Received Import Request.
  Time since last request: 0.000227 seconds.
  path: Assets/project/assets/textures/fishnets seamless.png
  artifactKey: Guid(565c40927f870c74d8dc18f6527fb76f) Importer(815301076,1909f56bfc062723c751e8b465ee728b)
Start importing Assets/project/assets/textures/fishnets seamless.png using Guid(565c40927f870c74d8dc18f6527fb76f) Importer(815301076,1909f56bfc062723c751e8b465ee728b)  -> (artifact id: 'ed02ce170b25c5b652464260d033e3bc') in 0.022853 seconds 
  Import took 0.027240 seconds .

========================================================================
Received Import Request.
  Time since last request: 0.000230 seconds.
  path: Assets/project/assets/materials/New Material.mat
  artifactKey: Guid(e8ccaaa0beb4d3748a1049bc11a857e1) Importer(815301076,1909f56bfc062723c751e8b465ee728b)
Start importing Assets/project/assets/materials/New Material.mat using Guid(e8ccaaa0beb4d3748a1049bc11a857e1) Importer(815301076,1909f56bfc062723c751e8b465ee728b)  -> (artifact id: '32a7bdd9aeccfa857ccc6bd3e09a3e7e') in 0.023885 seconds 
  Import took 0.028545 seconds .

========================================================================
Received Import Request.
  Time since last request: 0.000277 seconds.
  path: Assets/project/assets/textures/NewLayer.terrainlayer
  artifactKey: Guid(3f8f22892de46454d8b248918d485d92) Importer(815301076,1909f56bfc062723c751e8b465ee728b)
Start importing Assets/project/assets/textures/NewLayer.terrainlayer using Guid(3f8f22892de46454d8b248918d485d92) Importer(815301076,1909f56bfc062723c751e8b465ee728b)  -> (artifact id: '09694c4368a29a187d8bb667e53a6859') in 0.022535 seconds 
  Import took 0.026919 seconds .

========================================================================
Received Import Request.
  Time since last request: 0.000241 seconds.
  path: Assets/project/assets/textures/stone - normal.png
  artifactKey: Guid(02ddb797045f80347a88eeb8146f05f2) Importer(815301076,1909f56bfc062723c751e8b465ee728b)
Start importing Assets/project/assets/textures/stone - normal.png using Guid(02ddb797045f80347a88eeb8146f05f2) Importer(815301076,1909f56bfc062723c751e8b465ee728b)  -> (artifact id: 'b385b554f57e13f7664ce0161517d9e7') in 0.016519 seconds 
  Import took 0.021109 seconds .

========================================================================
Received Import Request.
  Time since last request: 0.000235 seconds.
  path: Assets/project/assets/textures/mushroom 1 normal.tif
  artifactKey: Guid(d0587f21b68fed9429e8091a67f0e5a8) Importer(815301076,1909f56bfc062723c751e8b465ee728b)
Start importing Assets/project/assets/textures/mushroom 1 normal.tif using Guid(d0587f21b68fed9429e8091a67f0e5a8) Importer(815301076,1909f56bfc062723c751e8b465ee728b)  -> (artifact id: 'd4e1a9af5b4e0dea6c20d127e2211081') in 0.023031 seconds 
  Import took 0.027766 seconds .

========================================================================
Received Import Request.
  Time since last request: 0.000236 seconds.
  path: Assets/project/assets/textures/moss 2 seamless.png
  artifactKey: Guid(7cd59376ffbd01644afeb6fb6e98f858) Importer(815301076,1909f56bfc062723c751e8b465ee728b)
Start importing Assets/project/assets/textures/moss 2 seamless.png using Guid(7cd59376ffbd01644afeb6fb6e98f858) Importer(815301076,1909f56bfc062723c751e8b465ee728b)  -> (artifact id: '571efddca5a5bb9ad5cc8e3ca4c93091') in 0.024531 seconds 
  Import took 0.029007 seconds .

========================================================================
Received Import Request.
  Time since last request: 0.000200 seconds.
  path: Assets/project/assets/textures/cobbles.png
  artifactKey: Guid(7bd386745f759894f893e7ba992fd6b4) Importer(815301076,1909f56bfc062723c751e8b465ee728b)
Start importing Assets/project/assets/textures/cobbles.png using Guid(7bd386745f759894f893e7ba992fd6b4) Importer(815301076,1909f56bfc062723c751e8b465ee728b)  -> (artifact id: 'fb8fe373f1d60933047393ea470b170c') in 0.022104 seconds 
  Import took 0.027011 seconds .

========================================================================
Received Import Request.
  Time since last request: 0.000239 seconds.
  path: Assets/project/assets/textures/Untitled_Artwork.png
  artifactKey: Guid(1c9b461ac09ff1d469cadc6fff2d8279) Importer(815301076,1909f56bfc062723c751e8b465ee728b)
Start importing Assets/project/assets/textures/Untitled_Artwork.png using Guid(1c9b461ac09ff1d469cadc6fff2d8279) Importer(815301076,1909f56bfc062723c751e8b465ee728b)  -> (artifact id: '148536b503e69e2f3e886957c050ddf6') in 0.037829 seconds 
  Import took 0.042180 seconds .

========================================================================
Received Import Request.
  Time since last request: 0.000239 seconds.
  path: Assets/project/assets/prefabs/ggj - urn2 - yes lid.prefab
  artifactKey: Guid(27ee9f8dcc3747b489ddf5e873b0754b) Importer(815301076,1909f56bfc062723c751e8b465ee728b)
Start importing Assets/project/assets/prefabs/ggj - urn2 - yes lid.prefab using Guid(27ee9f8dcc3747b489ddf5e873b0754b) Importer(815301076,1909f56bfc062723c751e8b465ee728b)  -> (artifact id: 'ffd9d1aafa1e8c3f7d5bc3060e02a0e8') in 0.019351 seconds 
  Import took 0.023988 seconds .

========================================================================
Received Import Request.
  Time since last request: 0.000217 seconds.
  path: Assets/project/assets/textures/jar or sum - normal.png
  artifactKey: Guid(a98c7a3c349e28c4fb9103e45e2f5b9d) Importer(815301076,1909f56bfc062723c751e8b465ee728b)
Start importing Assets/project/assets/textures/jar or sum - normal.png using Guid(a98c7a3c349e28c4fb9103e45e2f5b9d) Importer(815301076,1909f56bfc062723c751e8b465ee728b)  -> (artifact id: 'da3935a34696a8742cbb3a19f8773334') in 0.015903 seconds 
  Import took 0.020664 seconds .

========================================================================
Received Import Request.
  Time since last request: 0.000230 seconds.
  path: Assets/project/assets/textures/stone.png
  artifactKey: Guid(29082ab2a8fe94f43adf5216a9be94ef) Importer(815301076,1909f56bfc062723c751e8b465ee728b)
Start importing Assets/project/assets/textures/stone.png using Guid(29082ab2a8fe94f43adf5216a9be94ef) Importer(815301076,1909f56bfc062723c751e8b465ee728b)  -> (artifact id: 'c9008654d9fe13c1821a30b1ad298349') in 0.016397 seconds 
  Import took 0.021684 seconds .

========================================================================
Received Import Request.
  Time since last request: 0.000204 seconds.
  path: Assets/project/assets/models/tree yes leaf 1.fbx
  artifactKey: Guid(6b2bed26e1e208e4295f0b9f767b8421) Importer(815301076,1909f56bfc062723c751e8b465ee728b)
Start importing Assets/project/assets/models/tree yes leaf 1.fbx using Guid(6b2bed26e1e208e4295f0b9f767b8421) Importer(815301076,1909f56bfc062723c751e8b465ee728b)  -> (artifact id: 'bf14b9f94950f22f78bba91a8e32c5bd') in 0.044500 seconds 
  Import took 0.049353 seconds .

========================================================================
Received Import Request.
  Time since last request: 0.000238 seconds.
  path: Assets/project/assets/materials/New Material 2.mat
  artifactKey: Guid(22f6d150479b5344bb2141a70f0453c5) Importer(815301076,1909f56bfc062723c751e8b465ee728b)
Start importing Assets/project/assets/materials/New Material 2.mat using Guid(22f6d150479b5344bb2141a70f0453c5) Importer(815301076,1909f56bfc062723c751e8b465ee728b)  -> (artifact id: '2fbbaac32dd327edab09372dde0162cf') in 0.022258 seconds 
  Import took 0.028404 seconds .

========================================================================
Received Import Request.
  Time since last request: 0.000236 seconds.
  path: Assets/project/assets/materials/metal.mat
  artifactKey: Guid(8ed5996e9d8799a488f610129c25cb54) Importer(815301076,1909f56bfc062723c751e8b465ee728b)
Start importing Assets/project/assets/materials/metal.mat using Guid(8ed5996e9d8799a488f610129c25cb54) Importer(815301076,1909f56bfc062723c751e8b465ee728b)  -> (artifact id: 'b273a2c9a6dc575233c623b3b937bbcf') in 0.019565 seconds 
  Import took 0.023967 seconds .

========================================================================
Received Import Request.
  Time since last request: 0.000238 seconds.
  path: Assets/project/assets/prefabs/ggj - urn1 - yes lid.prefab
  artifactKey: Guid(3710920b019ff0b4693318a52b3ab2ca) Importer(815301076,1909f56bfc062723c751e8b465ee728b)
Start importing Assets/project/assets/prefabs/ggj - urn1 - yes lid.prefab using Guid(3710920b019ff0b4693318a52b3ab2ca) Importer(815301076,1909f56bfc062723c751e8b465ee728b)  -> (artifact id: 'ee1060d9f7ce9352fdc3e030c59f7de7') in 0.019086 seconds 
  Import took 0.023861 seconds .

========================================================================
Received Import Request.
  Time since last request: 0.000250 seconds.
  path: Assets/project/assets/materials/wood.mat
  artifactKey: Guid(ecfe70b6267b2e645b99958d66031897) Importer(815301076,1909f56bfc062723c751e8b465ee728b)
Start importing Assets/project/assets/materials/wood.mat using Guid(ecfe70b6267b2e645b99958d66031897) Importer(815301076,1909f56bfc062723c751e8b465ee728b)  -> (artifact id: '0a82a04d74aa82002ab0343f7b5c6a35') in 0.018680 seconds 
  Import took 0.023642 seconds .

========================================================================
Received Import Request.
  Time since last request: 0.000263 seconds.
  path: Assets/project/assets/prefabs/ggj - urn2 - no lid.prefab
  artifactKey: Guid(91e371018dbbdf540aca7a99aa1be71d) Importer(815301076,1909f56bfc062723c751e8b465ee728b)
Start importing Assets/project/assets/prefabs/ggj - urn2 - no lid.prefab using Guid(91e371018dbbdf540aca7a99aa1be71d) Importer(815301076,1909f56bfc062723c751e8b465ee728b)  -> (artifact id: '7147b590771f612b9550f0ee86c6ee14') in 0.016409 seconds 
  Import took 0.021549 seconds .

========================================================================
Received Import Request.
  Time since last request: 0.000239 seconds.
  path: Assets/project/assets/textures/eye seamless.png
  artifactKey: Guid(c89b7b16d1c7bbf418af705a4f51d83c) Importer(815301076,1909f56bfc062723c751e8b465ee728b)
Start importing Assets/project/assets/textures/eye seamless.png using Guid(c89b7b16d1c7bbf418af705a4f51d83c) Importer(815301076,1909f56bfc062723c751e8b465ee728b)  -> (artifact id: '3f0622ac2b12dc68d26f2c811b71c105') in 0.015383 seconds 
  Import took 0.020753 seconds .

========================================================================
Received Import Request.
  Time since last request: 0.000226 seconds.
  path: Assets/project/assets/materials/lid.mat
  artifactKey: Guid(bd95504ed8c71a141aa2f084dc67b844) Importer(815301076,1909f56bfc062723c751e8b465ee728b)
Start importing Assets/project/assets/materials/lid.mat using Guid(bd95504ed8c71a141aa2f084dc67b844) Importer(815301076,1909f56bfc062723c751e8b465ee728b)  -> (artifact id: 'ab35c4e9cfd6bbdcac985e5aea567630') in 0.018769 seconds 
  Import took 0.023633 seconds .

========================================================================
Received Import Request.
  Time since last request: 0.000262 seconds.
  path: Assets/project/assets/textures/moss normal.tif
  artifactKey: Guid(975187cc33c83034299b997f4a3b34c1) Importer(815301076,1909f56bfc062723c751e8b465ee728b)
Start importing Assets/project/assets/textures/moss normal.tif using Guid(975187cc33c83034299b997f4a3b34c1) Importer(815301076,1909f56bfc062723c751e8b465ee728b)  -> (artifact id: 'caa582db691f4e8c1966b8ec0dc61214') in 0.022702 seconds 
  Import took 0.027396 seconds .

========================================================================
Received Import Request.
  Time since last request: 0.000264 seconds.
  path: Assets/project/assets/textures/cobbles - normal.png
  artifactKey: Guid(0aff6412ae98f674c829184b6d41778a) Importer(815301076,1909f56bfc062723c751e8b465ee728b)
Start importing Assets/project/assets/textures/cobbles - normal.png using Guid(0aff6412ae98f674c829184b6d41778a) Importer(815301076,1909f56bfc062723c751e8b465ee728b)  -> (artifact id: 'bf762da0383131eccdf7734fb44e83d1') in 0.023443 seconds 
  Import took 0.028081 seconds .

========================================================================
Received Import Request.
  Time since last request: 0.000247 seconds.
  path: Assets/project/assets/prefabs/hissie tree.prefab
  artifactKey: Guid(61c3f99f025b361498dcb968ed83bc67) Importer(815301076,1909f56bfc062723c751e8b465ee728b)
Start importing Assets/project/assets/prefabs/hissie tree.prefab using Guid(61c3f99f025b361498dcb968ed83bc67) Importer(815301076,1909f56bfc062723c751e8b465ee728b)  -> (artifact id: '3f88708706df906e3a4efcdfac128f1b') in 0.069129 seconds 
  Import took 0.077292 seconds .

========================================================================
Received Import Request.
  Time since last request: 0.000237 seconds.
  path: Assets/project/assets/materials/New Material 1.mat
  artifactKey: Guid(2df996cf50fb1e8419590a70667ba4a7) Importer(815301076,1909f56bfc062723c751e8b465ee728b)
Start importing Assets/project/assets/materials/New Material 1.mat using Guid(2df996cf50fb1e8419590a70667ba4a7) Importer(815301076,1909f56bfc062723c751e8b465ee728b)  -> (artifact id: '4a5e790bb8ceb3812af9ce8058edda51') in 0.021369 seconds 
  Import took 0.026514 seconds .

========================================================================
Received Import Request.
  Time since last request: 0.000227 seconds.
  path: Assets/project/assets/models/barrel.fbx
  artifactKey: Guid(bcbc14660da9d074ca604f0c3dae6020) Importer(815301076,1909f56bfc062723c751e8b465ee728b)
Start importing Assets/project/assets/models/barrel.fbx using Guid(bcbc14660da9d074ca604f0c3dae6020) Importer(815301076,1909f56bfc062723c751e8b465ee728b)  -> (artifact id: 'f736eba800fb1470f00d711711ea35d1') in 0.032423 seconds 
  Import took 0.037083 seconds .

========================================================================
Received Import Request.
  Time since last request: 0.000232 seconds.
  path: Assets/project/assets/textures/frozen fur seamless.png
  artifactKey: Guid(26f02c76eca9ff143ba6eb31b2a35640) Importer(815301076,1909f56bfc062723c751e8b465ee728b)
Start importing Assets/project/assets/textures/frozen fur seamless.png using Guid(26f02c76eca9ff143ba6eb31b2a35640) Importer(815301076,1909f56bfc062723c751e8b465ee728b)  -> (artifact id: 'd02e50aae3090103f2c1b2f0d598fa76') in 0.021704 seconds 
  Import took 0.026187 seconds .

========================================================================
Received Import Request.
  Time since last request: 0.000231 seconds.
  path: Assets/project/assets/materials/sky.mat
  artifactKey: Guid(bd45cb39aeeea074a9fcf71a70510d55) Importer(815301076,1909f56bfc062723c751e8b465ee728b)
Start importing Assets/project/assets/materials/sky.mat using Guid(bd45cb39aeeea074a9fcf71a70510d55) Importer(815301076,1909f56bfc062723c751e8b465ee728b)  -> (artifact id: 'f6b80924863b6f6985ec2d8c723effac') in 0.017979 seconds 
  Import took 0.022735 seconds .

========================================================================
Received Import Request.
  Time since last request: 0.000221 seconds.
  path: Assets/project/assets/textures/leaf (2).png
  artifactKey: Guid(dd26abab25e05df40bbabb85efed3a6c) Importer(815301076,1909f56bfc062723c751e8b465ee728b)
Start importing Assets/project/assets/textures/leaf (2).png using Guid(dd26abab25e05df40bbabb85efed3a6c) Importer(815301076,1909f56bfc062723c751e8b465ee728b)  -> (artifact id: 'ace7247face2f7eac2034c4433d04bf4') in 0.023729 seconds 
  Import took 0.028306 seconds .

========================================================================
Received Import Request.
  Time since last request: 0.000239 seconds.
  path: Assets/project/assets/textures/eye normal.tif
  artifactKey: Guid(b82d084833dae7546bbb42b2525a622d) Importer(815301076,1909f56bfc062723c751e8b465ee728b)
Start importing Assets/project/assets/textures/eye normal.tif using Guid(b82d084833dae7546bbb42b2525a622d) Importer(815301076,1909f56bfc062723c751e8b465ee728b)  -> (artifact id: 'dae1211ff6156f781b35f2de8469dc4f') in 0.021030 seconds 
  Import took 0.025687 seconds .

========================================================================
Received Import Request.
  Time since last request: 0.000240 seconds.
  path: Assets/project/assets/textures/fishnets normal.tif
  artifactKey: Guid(9e415cdf17b909f4293b831366cceee6) Importer(815301076,1909f56bfc062723c751e8b465ee728b)
Start importing Assets/project/assets/textures/fishnets normal.tif using Guid(9e415cdf17b909f4293b831366cceee6) Importer(815301076,1909f56bfc062723c751e8b465ee728b)  -> (artifact id: 'c4d4c0a94250a749d80e32edb8a788a8') in 0.022892 seconds 
  Import took 0.027321 seconds .

========================================================================
Received Import Request.
  Time since last request: 0.000261 seconds.
  path: Assets/project/assets/materials/rock'.mat
  artifactKey: Guid(ee85d73aebfb23b4791ce9c041aca906) Importer(815301076,1909f56bfc062723c751e8b465ee728b)
Start importing Assets/project/assets/materials/rock'.mat using Guid(ee85d73aebfb23b4791ce9c041aca906) Importer(815301076,1909f56bfc062723c751e8b465ee728b)  -> (artifact id: 'c6ca4f6b2485a9cb60386e48181352c1') in 0.018188 seconds 
  Import took 0.022856 seconds .

========================================================================
Received Import Request.
  Time since last request: 0.000238 seconds.
  path: Assets/project/assets/textures/mushroom 1 seamless.png
  artifactKey: Guid(9819afa7eb73de646a09fb8458ef893b) Importer(815301076,1909f56bfc062723c751e8b465ee728b)
Start importing Assets/project/assets/textures/mushroom 1 seamless.png using Guid(9819afa7eb73de646a09fb8458ef893b) Importer(815301076,1909f56bfc062723c751e8b465ee728b)  -> (artifact id: '3b8c138537e53b52c51a4d3c4c619b0c') in 0.021493 seconds 
  Import took 0.026217 seconds .

========================================================================
Received Import Request.
  Time since last request: 0.000240 seconds.
  path: Assets/project/assets/textures/mushroom 2 normal.tif
  artifactKey: Guid(7643c0f6cc489f54bad8e33458fb7912) Importer(815301076,1909f56bfc062723c751e8b465ee728b)
Start importing Assets/project/assets/textures/mushroom 2 normal.tif using Guid(7643c0f6cc489f54bad8e33458fb7912) Importer(815301076,1909f56bfc062723c751e8b465ee728b)  -> (artifact id: '71f2d7380e2a624ec9dacd9077d45731') in 0.014929 seconds 
  Import took 0.019518 seconds .

========================================================================
Received Import Request.
  Time since last request: 0.000233 seconds.
  path: Assets/project/assets/textures/frozen fur normal.tif
  artifactKey: Guid(e70d5b8a052c97745abe7302ee579e54) Importer(815301076,1909f56bfc062723c751e8b465ee728b)
Start importing Assets/project/assets/textures/frozen fur normal.tif using Guid(e70d5b8a052c97745abe7302ee579e54) Importer(815301076,1909f56bfc062723c751e8b465ee728b)  -> (artifact id: '32c58bc7ae99b71c3e31bdfdb26c4f7b') in 0.021998 seconds 
  Import took 0.026674 seconds .

========================================================================
Received Import Request.
  Time since last request: 0.000212 seconds.
  path: Assets/project/assets/textures/tile normal.tif
  artifactKey: Guid(7ace8e83c1778ff41bc4ef145ed65989) Importer(815301076,1909f56bfc062723c751e8b465ee728b)
Start importing Assets/project/assets/textures/tile normal.tif using Guid(7ace8e83c1778ff41bc4ef145ed65989) Importer(815301076,1909f56bfc062723c751e8b465ee728b)  -> (artifact id: 'ee892e5b971b286a726ae88598d29ee8') in 0.017684 seconds 
  Import took 0.022433 seconds .

========================================================================
Received Import Request.
  Time since last request: 0.000279 seconds.
  path: Assets/project/assets/textures/tile seamless.jpg
  artifactKey: Guid(1119b33af135f494d993224b0baa91df) Importer(815301076,1909f56bfc062723c751e8b465ee728b)
Start importing Assets/project/assets/textures/tile seamless.jpg using Guid(1119b33af135f494d993224b0baa91df) Importer(815301076,1909f56bfc062723c751e8b465ee728b)  -> (artifact id: '6809274fbf73af813a8049e12cdaf1d3') in 0.014619 seconds 
  Import took 0.019278 seconds .

========================================================================
Received Import Request.
  Time since last request: 0.000232 seconds.
  path: Assets/project/assets/textures/rug - normal.png
  artifactKey: Guid(921904e9f0c92774a94fad86694a7720) Importer(815301076,1909f56bfc062723c751e8b465ee728b)
Start importing Assets/project/assets/textures/rug - normal.png using Guid(921904e9f0c92774a94fad86694a7720) Importer(815301076,1909f56bfc062723c751e8b465ee728b)  -> (artifact id: 'a38e6a8478b2192d0e8b47193ae2fca9') in 0.021895 seconds 
  Import took 0.026786 seconds .

========================================================================
Received Import Request.
  Time since last request: 0.000203 seconds.
  path: Assets/project/assets/prefabs/hissies.prefab
  artifactKey: Guid(71ae015722f378443af1f0bbe82ab5f8) Importer(815301076,1909f56bfc062723c751e8b465ee728b)
Start importing Assets/project/assets/prefabs/hissies.prefab using Guid(71ae015722f378443af1f0bbe82ab5f8) Importer(815301076,1909f56bfc062723c751e8b465ee728b)  -> (artifact id: '20a1cccade395e3ea143870500cacd53') in 0.036545 seconds 
  Import took 0.043229 seconds .

========================================================================
Received Import Request.
  Time since last request: 0.000239 seconds.
  path: Assets/project/assets/models/tree no leaf.fbx
  artifactKey: Guid(f7022bbd0642ede46b0b7e9f9c36fe5f) Importer(815301076,1909f56bfc062723c751e8b465ee728b)
Start importing Assets/project/assets/models/tree no leaf.fbx using Guid(f7022bbd0642ede46b0b7e9f9c36fe5f) Importer(815301076,1909f56bfc062723c751e8b465ee728b)  -> (artifact id: 'f82ee99d5c6f6542ffca333500273ec8') in 0.022096 seconds 
  Import took 0.026712 seconds .

========================================================================
Received Import Request.
  Time since last request: 0.000213 seconds.
  path: Assets/project/assets/materials/New Material 3.mat
  artifactKey: Guid(1221b8082fec71f44a201f516eb35d2d) Importer(815301076,1909f56bfc062723c751e8b465ee728b)
Start importing Assets/project/assets/materials/New Material 3.mat using Guid(1221b8082fec71f44a201f516eb35d2d) Importer(815301076,1909f56bfc062723c751e8b465ee728b)  -> (artifact id: '1a555d1edcc650e5f68d6566a847b6f3') in 0.016976 seconds 
  Import took 0.021638 seconds .

========================================================================
Received Import Request.
  Time since last request: 0.000240 seconds.
  path: Assets/project/assets/prefabs/ggj - urn1 - no lid.prefab
  artifactKey: Guid(dbeff5ba5fbf7e440b32921739739fbe) Importer(815301076,1909f56bfc062723c751e8b465ee728b)
Start importing Assets/project/assets/prefabs/ggj - urn1 - no lid.prefab using Guid(dbeff5ba5fbf7e440b32921739739fbe) Importer(815301076,1909f56bfc062723c751e8b465ee728b)  -> (artifact id: 'b6e7502d0b3096ab24dbf7ba80200226') in 0.016701 seconds 
  Import took 0.021381 seconds .

========================================================================
Received Import Request.
  Time since last request: 0.000227 seconds.
  path: Assets/project/assets/prefabs/tree no leaf.prefab
  artifactKey: Guid(ad964644cff649149bd8851d675b126d) Importer(815301076,1909f56bfc062723c751e8b465ee728b)
Start importing Assets/project/assets/prefabs/tree no leaf.prefab using Guid(ad964644cff649149bd8851d675b126d) Importer(815301076,1909f56bfc062723c751e8b465ee728b)  -> (artifact id: '7a6191e252aed876353efad55711a957') in 0.018764 seconds 
  Import took 0.023690 seconds .

========================================================================
Received Import Request.
  Time since last request: 0.000231 seconds.
  path: Assets/project/assets/textures/IMG_3396.png
  artifactKey: Guid(b7cece0c9c165d14f811018197772802) Importer(815301076,1909f56bfc062723c751e8b465ee728b)
Start importing Assets/project/assets/textures/IMG_3396.png using Guid(b7cece0c9c165d14f811018197772802) Importer(815301076,1909f56bfc062723c751e8b465ee728b)  -> (artifact id: 'be87a1000ce4043ad26a726f280186a5') in 0.014436 seconds 
  Import took 0.018864 seconds .

========================================================================
Received Import Request.
  Time since last request: 0.000254 seconds.
  path: Assets/project/assets/textures/161115-news-fighting-cockroaches-vin_thumbnail_ds16021001-205_640x360_809424451535.jpg
  artifactKey: Guid(1817ffe9117e6fa4ca89fca12ee42b40) Importer(815301076,1909f56bfc062723c751e8b465ee728b)
Start importing Assets/project/assets/textures/161115-news-fighting-cockroaches-vin_thumbnail_ds16021001-205_640x360_809424451535.jpg using Guid(1817ffe9117e6fa4ca89fca12ee42b40) Importer(815301076,1909f56bfc062723c751e8b465ee728b)  -> (artifact id: '5d359c5f039d2f53d06853cb596edce4') in 0.019874 seconds 
  Import took 0.024699 seconds .

========================================================================
Received Import Request.
  Time since last request: 0.000252 seconds.
  path: Assets/project/assets/textures/rock normal.tif
  artifactKey: Guid(039f91dbdec0eb8499d8f43a414e73f6) Importer(815301076,1909f56bfc062723c751e8b465ee728b)
Start importing Assets/project/assets/textures/rock normal.tif using Guid(039f91dbdec0eb8499d8f43a414e73f6) Importer(815301076,1909f56bfc062723c751e8b465ee728b)  -> (artifact id: 'c9cbcbfe5ce07c795f9dbfdc9c7bdd94') in 0.015689 seconds 
  Import took 0.020174 seconds .

========================================================================
Received Import Request.
  Time since last request: 0.000233 seconds.
  path: Assets/project/assets/textures/cu-thatch-on-roof-of-hut-indonesia_rvsjpizvx_thumbnail-1080_01 - normal.png
  artifactKey: Guid(94d979ff5d7464f4194156e4c283bfd8) Importer(815301076,1909f56bfc062723c751e8b465ee728b)
Start importing Assets/project/assets/textures/cu-thatch-on-roof-of-hut-indonesia_rvsjpizvx_thumbnail-1080_01 - normal.png using Guid(94d979ff5d7464f4194156e4c283bfd8) Importer(815301076,1909f56bfc062723c751e8b465ee728b)  -> (artifact id: '15a6243d0893005e9c9e09317a1f2684') in 0.017080 seconds 
  Import took 0.021844 seconds .

========================================================================
Received Import Request.
  Time since last request: 0.000221 seconds.
  path: Assets/project/assets/textures/cu-thatch-on-roof-of-hut-indonesia_rvsjpizvx_thumbnail-1080_01.png
  artifactKey: Guid(4d047395e710cae46ada134b4df1566f) Importer(815301076,1909f56bfc062723c751e8b465ee728b)
Start importing Assets/project/assets/textures/cu-thatch-on-roof-of-hut-indonesia_rvsjpizvx_thumbnail-1080_01.png using Guid(4d047395e710cae46ada134b4df1566f) Importer(815301076,1909f56bfc062723c751e8b465ee728b)  -> (artifact id: '8a56298d2604e5f47b571ec8252c8faa') in 0.020391 seconds 
  Import took 0.024853 seconds .

========================================================================
Received Import Request.
  Time since last request: 0.000243 seconds.
  path: Assets/project/assets/textures/cracked earth - normal.png
  artifactKey: Guid(098c044da0b87694c83ed007e3f96ad4) Importer(815301076,1909f56bfc062723c751e8b465ee728b)
Start importing Assets/project/assets/textures/cracked earth - normal.png using Guid(098c044da0b87694c83ed007e3f96ad4) Importer(815301076,1909f56bfc062723c751e8b465ee728b)  -> (artifact id: '14d1e84576704fceb713c4be4a15415b') in 0.015320 seconds 
  Import took 0.019701 seconds .

========================================================================
Received Import Request.
  Time since last request: 30.310353 seconds.
  path: Assets/HDRIHaven/skies_4k_HDRIs/Textures/satara_night_no_lamps_4k.hdr
  artifactKey: Guid(919e09e44b67fb04eacc0db19ac41aa8) Importer(815301076,1909f56bfc062723c751e8b465ee728b)
Start importing Assets/HDRIHaven/skies_4k_HDRIs/Textures/satara_night_no_lamps_4k.hdr using Guid(919e09e44b67fb04eacc0db19ac41aa8) Importer(815301076,1909f56bfc062723c751e8b465ee728b)  -> (artifact id: 'cdd8f4bea1fbe609806faaa154a75f28') in 0.035143 seconds 
  Import took 0.042231 seconds .

========================================================================
Received Prepare
Registering precompiled user dll's ...
Registered in 0.008096 seconds.
Begin MonoManager ReloadAssembly
Fallback handler could not load library C:/Program Files/Unity/Hub/Editor/2020.3.26f1/Editor/Data/Mono/lib/libdl
Fallback handler could not load library C:/Program Files/Unity/Hub/Editor/2020.3.26f1/Editor/Data/Mono/lib/libdl.dll
Fallback handler could not load library C:/Program Files/Unity/Hub/Editor/2020.3.26f1/Editor/Data/Mono/lib/libdl
Native extension for WindowsStandalone target not found
Refreshing native plugins compatible for Editor in 1.12 ms, found 6 plugins.
Preloading 0 native plugins for Editor in 0.00 ms.
Mono: successfully reloaded assembly
Fallback handler could not load library C:/Program Files/Unity/Hub/Editor/2020.3.26f1/Editor/Data/Mono/lib/libdl
Fallback handler could not load library C:/Program Files/Unity/Hub/Editor/2020.3.26f1/Editor/Data/Mono/lib/libdl.dll
Fallback handler could not load library C:/Program Files/Unity/Hub/Editor/2020.3.26f1/Editor/Data/Mono/lib/libdl
Fallback handler could not load library C:/Program Files/Unity/Hub/Editor/2020.3.26f1/Editor/Data/Mono/lib/libdl
Fallback handler could not load library C:/Program Files/Unity/Hub/Editor/2020.3.26f1/Editor/Data/Mono/lib/libdl.dll
Fallback handler could not load library C:/Program Files/Unity/Hub/Editor/2020.3.26f1/Editor/Data/Mono/lib/libdl
- Completed reload, in  1.532 seconds
Domain Reload Profiling:
	ReloadAssembly (1533ms)
		BeginReloadAssembly (207ms)
			ExecutionOrderSort (0ms)
			DisableScriptedObjects (7ms)
			BackupInstance (0ms)
			ReleaseScriptingObjects (0ms)
			CreateAndSetChildDomain (43ms)
		EndReloadAssembly (1224ms)
			LoadAssemblies (145ms)
			RebuildTransferFunctionScriptingTraits (0ms)
			SetupTypeCache (434ms)
			ReleaseScriptCaches (2ms)
			RebuildScriptCaches (57ms)
			SetupLoadedEditorAssemblies (359ms)
				LogAssemblyErrors (0ms)
				InitializePlatformSupportModulesInManaged (5ms)
				SetLoadedEditorAssemblies (1ms)
				RefreshPlugins (1ms)
				BeforeProcessingInitializeOnLoad (104ms)
				ProcessInitializeOnLoadAttributes (228ms)
				ProcessInitializeOnLoadMethodAttributes (12ms)
				AfterProcessingInitializeOnLoad (8ms)
				EditorAssembliesLoaded (0ms)
			ExecutionOrderSort2 (0ms)
			AwakeInstancesAfterBackupRestoration (61ms)
Platform modules already initialized, skipping
Refreshing native plugins compatible for Editor in 1.05 ms, found 6 plugins.
Preloading 0 native plugins for Editor in 0.00 ms.
Unloading 2737 Unused Serialized files (Serialized files now loaded: 0)
System memory in use before: 213.2 MB.
System memory in use after: 213.4 MB.

Unloading 51 unused Assets to reduce memory usage. Loaded Objects now: 3374.
Total: 4.082400 ms (FindLiveObjects: 0.322200 ms CreateObjectMapping: 0.115600 ms MarkObjects: 3.607400 ms  DeleteObjects: 0.035800 ms)

AssetImportParameters requested are different than current active one (requested -> active):
  custom:framework-win-MediaFoundation: 216162199b28c13a410421893ffa2e32 -> 
  custom:video-decoder-ogg-theora: a1e56fd34408186e4bbccfd4996cb3dc -> 
  custom:container-muxer-webm: aa71ff27fc2769a1b78a27578f13a17b -> 
  custom:container-demuxer-webm: 4f35f7cbe854078d1ac9338744f61a02 -> 
  custom:container-demuxer-ogg: 62fdf1f143b41e24485cea50d1cbac27 -> 
  custom:video-encoder-webm-vp8: eb34c28f22e8b96e1ab97ce403110664 -> 
  custom:video-codec-MediaFoundation-h265: 746d11721c4dcdbdad8f713fa42b33f4 -> 
  custom:video-decoder-webm-vp8: 9c59270c3fd7afecdb556c50c9e8de78 -> 
  custom:audio-decoder-ogg-vorbis: bf7c407c2cedff20999df2af8eb42d56 -> 
  custom:audio-encoder-webm-vorbis: bf7c407c2cedff20999df2af8eb42d56 -> 
========================================================================
Received Prepare
Registering precompiled user dll's ...
Registered in 0.009209 seconds.
Begin MonoManager ReloadAssembly
Fallback handler could not load library C:/Program Files/Unity/Hub/Editor/2020.3.26f1/Editor/Data/Mono/lib/libdl
Fallback handler could not load library C:/Program Files/Unity/Hub/Editor/2020.3.26f1/Editor/Data/Mono/lib/libdl.dll
Fallback handler could not load library C:/Program Files/Unity/Hub/Editor/2020.3.26f1/Editor/Data/Mono/lib/libdl
Native extension for WindowsStandalone target not found
Refreshing native plugins compatible for Editor in 1.01 ms, found 6 plugins.
Preloading 0 native plugins for Editor in 0.00 ms.
Mono: successfully reloaded assembly
Fallback handler could not load library C:/Program Files/Unity/Hub/Editor/2020.3.26f1/Editor/Data/Mono/lib/libdl
Fallback handler could not load library C:/Program Files/Unity/Hub/Editor/2020.3.26f1/Editor/Data/Mono/lib/libdl.dll
Fallback handler could not load library C:/Program Files/Unity/Hub/Editor/2020.3.26f1/Editor/Data/Mono/lib/libdl
Fallback handler could not load library C:/Program Files/Unity/Hub/Editor/2020.3.26f1/Editor/Data/Mono/lib/libdl
Fallback handler could not load library C:/Program Files/Unity/Hub/Editor/2020.3.26f1/Editor/Data/Mono/lib/libdl.dll
Fallback handler could not load library C:/Program Files/Unity/Hub/Editor/2020.3.26f1/Editor/Data/Mono/lib/libdl
- Completed reload, in  1.120 seconds
Domain Reload Profiling:
	ReloadAssembly (1120ms)
		BeginReloadAssembly (153ms)
			ExecutionOrderSort (0ms)
			DisableScriptedObjects (5ms)
			BackupInstance (0ms)
			ReleaseScriptingObjects (0ms)
			CreateAndSetChildDomain (37ms)
		EndReloadAssembly (907ms)
			LoadAssemblies (90ms)
			RebuildTransferFunctionScriptingTraits (0ms)
			SetupTypeCache (294ms)
			ReleaseScriptCaches (1ms)
			RebuildScriptCaches (38ms)
			SetupLoadedEditorAssemblies (325ms)
				LogAssemblyErrors (0ms)
				InitializePlatformSupportModulesInManaged (4ms)
				SetLoadedEditorAssemblies (1ms)
				RefreshPlugins (1ms)
				BeforeProcessingInitializeOnLoad (98ms)
				ProcessInitializeOnLoadAttributes (205ms)
				ProcessInitializeOnLoadMethodAttributes (9ms)
				AfterProcessingInitializeOnLoad (6ms)
				EditorAssembliesLoaded (0ms)
			ExecutionOrderSort2 (0ms)
			AwakeInstancesAfterBackupRestoration (20ms)
Platform modules already initialized, skipping
Refreshing native plugins compatible for Editor in 1.05 ms, found 6 plugins.
Preloading 0 native plugins for Editor in 0.00 ms.
Unloading 2737 Unused Serialized files (Serialized files now loaded: 0)
System memory in use before: 213.3 MB.
System memory in use after: 213.5 MB.

Unloading 51 unused Assets to reduce memory usage. Loaded Objects now: 3376.
Total: 3.306500 ms (FindLiveObjects: 0.231100 ms CreateObjectMapping: 0.085400 ms MarkObjects: 2.964700 ms  DeleteObjects: 0.024400 ms)

AssetImportParameters requested are different than current active one (requested -> active):
  custom:framework-win-MediaFoundation: 216162199b28c13a410421893ffa2e32 -> 
  custom:video-decoder-ogg-theora: a1e56fd34408186e4bbccfd4996cb3dc -> 
  custom:container-muxer-webm: aa71ff27fc2769a1b78a27578f13a17b -> 
  custom:container-demuxer-webm: 4f35f7cbe854078d1ac9338744f61a02 -> 
  custom:container-demuxer-ogg: 62fdf1f143b41e24485cea50d1cbac27 -> 
  custom:video-encoder-webm-vp8: eb34c28f22e8b96e1ab97ce403110664 -> 
  custom:video-codec-MediaFoundation-h265: 746d11721c4dcdbdad8f713fa42b33f4 -> 
  custom:video-decoder-webm-vp8: 9c59270c3fd7afecdb556c50c9e8de78 -> 
  custom:audio-decoder-ogg-vorbis: bf7c407c2cedff20999df2af8eb42d56 -> 
  custom:audio-encoder-webm-vorbis: bf7c407c2cedff20999df2af8eb42d56 -> 
AssetImportWorkerClient::OnTransportError - code=2 error=End of file
